{"/home/nanomixer/dev/react/02-gifs-app/src/GifsApp.tsx": {"path":"/home/nanomixer/dev/react/02-gifs-app/src/GifsApp.tsx","statementMap":{"0":{"start":{"line":7,"column":23},"end":{"line":31,"column":null}},"1":{"start":{"line":8,"column":64},"end":{"line":8,"column":null}},"2":{"start":{"line":10,"column":2},"end":{"line":28,"column":null}}},"fnMap":{"0":{"name":"(anonymous_0)","decl":{"start":{"line":7,"column":23},"end":{"line":7,"column":null}},"loc":{"start":{"line":7,"column":23},"end":{"line":31,"column":null}},"line":7}},"branchMap":{},"s":{"0":1,"1":1,"2":1},"f":{"0":1},"b":{},"meta":{"lastBranch":0,"lastFunction":1,"lastStatement":3,"seen":{"s:7:23:31:Infinity":0,"f:7:23:7:Infinity":0,"s:8:64:8:Infinity":1,"s:10:2:28:Infinity":2},"fnNames":{}}}
,"/home/nanomixer/dev/react/02-gifs-app/src/counter/components/MyCounterApp.tsx": {"path":"/home/nanomixer/dev/react/02-gifs-app/src/counter/components/MyCounterApp.tsx","statementMap":{"0":{"start":{"line":3,"column":28},"end":{"line":23,"column":null}},"1":{"start":{"line":4,"column":60},"end":{"line":4,"column":null}},"2":{"start":{"line":6,"column":2},"end":{"line":19,"column":null}}},"fnMap":{"0":{"name":"(anonymous_0)","decl":{"start":{"line":3,"column":28},"end":{"line":3,"column":null}},"loc":{"start":{"line":3,"column":28},"end":{"line":23,"column":null}},"line":3}},"branchMap":{},"s":{"0":2,"1":7,"2":7},"f":{"0":7},"b":{},"meta":{"lastBranch":0,"lastFunction":1,"lastStatement":3,"seen":{"s:3:28:23:Infinity":0,"f:3:28:3:Infinity":0,"s:4:60:4:Infinity":1,"s:6:2:19:Infinity":2},"fnNames":{}}}
,"/home/nanomixer/dev/react/02-gifs-app/src/counter/hooks/useCounter.tsx": {"path":"/home/nanomixer/dev/react/02-gifs-app/src/counter/hooks/useCounter.tsx","statementMap":{"0":{"start":{"line":3,"column":26},"end":{"line":26,"column":null}},"1":{"start":{"line":4,"column":29},"end":{"line":4,"column":null}},"2":{"start":{"line":6,"column":20},"end":{"line":8,"column":null}},"3":{"start":{"line":7,"column":4},"end":{"line":7,"column":null}},"4":{"start":{"line":10,"column":26},"end":{"line":12,"column":null}},"5":{"start":{"line":11,"column":4},"end":{"line":11,"column":null}},"6":{"start":{"line":11,"column":30},"end":{"line":11,"column":null}},"7":{"start":{"line":14,"column":22},"end":{"line":16,"column":null}},"8":{"start":{"line":15,"column":4},"end":{"line":15,"column":null}},"9":{"start":{"line":18,"column":2},"end":{"line":25,"column":null}}},"fnMap":{"0":{"name":"(anonymous_0)","decl":{"start":{"line":3,"column":26},"end":{"line":3,"column":27}},"loc":{"start":{"line":3,"column":51},"end":{"line":26,"column":null}},"line":3},"1":{"name":"(anonymous_1)","decl":{"start":{"line":6,"column":20},"end":{"line":6,"column":null}},"loc":{"start":{"line":6,"column":20},"end":{"line":8,"column":null}},"line":6},"2":{"name":"(anonymous_2)","decl":{"start":{"line":10,"column":26},"end":{"line":10,"column":null}},"loc":{"start":{"line":10,"column":26},"end":{"line":12,"column":null}},"line":10},"3":{"name":"(anonymous_3)","decl":{"start":{"line":11,"column":15},"end":{"line":11,"column":16}},"loc":{"start":{"line":11,"column":30},"end":{"line":11,"column":null}},"line":11},"4":{"name":"(anonymous_4)","decl":{"start":{"line":14,"column":22},"end":{"line":14,"column":null}},"loc":{"start":{"line":14,"column":22},"end":{"line":16,"column":null}},"line":14}},"branchMap":{"0":{"loc":{"start":{"line":3,"column":27},"end":{"line":3,"column":51}},"type":"default-arg","locations":[{"start":{"line":3,"column":50},"end":{"line":3,"column":51}}],"line":3}},"s":{"0":2,"1":16,"2":16,"3":5,"4":16,"5":2,"6":2,"7":16,"8":1,"9":16},"f":{"0":16,"1":5,"2":2,"3":2,"4":1},"b":{"0":[16]},"meta":{"lastBranch":1,"lastFunction":5,"lastStatement":10,"seen":{"s:3:26:26:Infinity":0,"f:3:26:3:27":0,"b:3:50:3:51":0,"s:4:29:4:Infinity":1,"s:6:20:8:Infinity":2,"f:6:20:6:Infinity":1,"s:7:4:7:Infinity":3,"s:10:26:12:Infinity":4,"f:10:26:10:Infinity":2,"s:11:4:11:Infinity":5,"f:11:15:11:16":3,"s:11:30:11:Infinity":6,"s:14:22:16:Infinity":7,"f:14:22:14:Infinity":4,"s:15:4:15:Infinity":8,"s:18:2:25:Infinity":9},"fnNames":{}}}
,"/home/nanomixer/dev/react/02-gifs-app/src/gifs/actions/get-gifs-by-query.action.ts": {"path":"/home/nanomixer/dev/react/02-gifs-app/src/gifs/actions/get-gifs-by-query.action.ts","statementMap":{"0":{"start":{"line":5,"column":30},"end":{"line":26,"column":null}},"1":{"start":{"line":6,"column":2},"end":{"line":8,"column":null}},"2":{"start":{"line":7,"column":4},"end":{"line":7,"column":null}},"3":{"start":{"line":10,"column":2},"end":{"line":25,"column":null}},"4":{"start":{"line":11,"column":21},"end":{"line":13,"column":null}},"5":{"start":{"line":15,"column":4},"end":{"line":21,"column":null}},"6":{"start":{"line":15,"column":44},"end":{"line":21,"column":null}},"7":{"start":{"line":23,"column":4},"end":{"line":23,"column":null}},"8":{"start":{"line":24,"column":4},"end":{"line":24,"column":null}}},"fnMap":{"0":{"name":"(anonymous_0)","decl":{"start":{"line":5,"column":30},"end":{"line":5,"column":37}},"loc":{"start":{"line":5,"column":37},"end":{"line":26,"column":null}},"line":5},"1":{"name":"(anonymous_1)","decl":{"start":{"line":15,"column":34},"end":{"line":15,"column":35}},"loc":{"start":{"line":15,"column":44},"end":{"line":21,"column":null}},"line":15}},"branchMap":{"0":{"loc":{"start":{"line":6,"column":2},"end":{"line":8,"column":null}},"type":"if","locations":[{"start":{"line":6,"column":2},"end":{"line":8,"column":null}},{"start":{},"end":{}}],"line":6}},"s":{"0":3,"1":6,"2":1,"3":5,"4":5,"5":4,"6":100,"7":1,"8":1},"f":{"0":6,"1":100},"b":{"0":[1,5]},"meta":{"lastBranch":1,"lastFunction":2,"lastStatement":9,"seen":{"s:5:30:26:Infinity":0,"f:5:30:5:37":0,"b:6:2:8:Infinity:undefined:undefined:undefined:undefined":0,"s:6:2:8:Infinity":1,"s:7:4:7:Infinity":2,"s:10:2:25:Infinity":3,"s:11:21:13:Infinity":4,"s:15:4:21:Infinity":5,"f:15:34:15:35":1,"s:15:44:21:Infinity":6,"s:23:4:23:Infinity":7,"s:24:4:24:Infinity":8},"fnNames":{}}}
,"/home/nanomixer/dev/react/02-gifs-app/src/gifs/api/giphy.api.ts": {"path":"/home/nanomixer/dev/react/02-gifs-app/src/gifs/api/giphy.api.ts","statementMap":{"0":{"start":{"line":3,"column":24},"end":{"line":9,"column":null}}},"fnMap":{},"branchMap":{},"s":{"0":4},"f":{},"b":{},"meta":{"lastBranch":0,"lastFunction":0,"lastStatement":1,"seen":{"s:3:24:9:Infinity":0},"fnNames":{}}}
,"/home/nanomixer/dev/react/02-gifs-app/src/gifs/components/GifList.tsx": {"path":"/home/nanomixer/dev/react/02-gifs-app/src/gifs/components/GifList.tsx","statementMap":{"0":{"start":{"line":8,"column":34},"end":{"line":22,"column":null}},"1":{"start":{"line":9,"column":2},"end":{"line":12,"column":null}},"2":{"start":{"line":11,"column":17},"end":{"line":12,"column":null}}},"fnMap":{"0":{"name":"(anonymous_0)","decl":{"start":{"line":8,"column":34},"end":{"line":8,"column":35}},"loc":{"start":{"line":8,"column":43},"end":{"line":22,"column":null}},"line":8},"1":{"name":"(anonymous_1)","decl":{"start":{"line":11,"column":16},"end":{"line":11,"column":17}},"loc":{"start":{"line":11,"column":17},"end":{"line":12,"column":null}},"line":11}},"branchMap":{},"s":{"0":1,"1":1,"2":0},"f":{"0":1,"1":0},"b":{},"meta":{"lastBranch":0,"lastFunction":2,"lastStatement":3,"seen":{"s:8:34:22:Infinity":0,"f:8:34:8:35":0,"s:9:2:12:Infinity":1,"f:11:16:11:17":1,"s:11:17:12:Infinity":2},"fnNames":{}}}
,"/home/nanomixer/dev/react/02-gifs-app/src/gifs/components/PreviousSearches.tsx": {"path":"/home/nanomixer/dev/react/02-gifs-app/src/gifs/components/PreviousSearches.tsx","statementMap":{"0":{"start":{"line":8,"column":43},"end":{"line":21,"column":null}},"1":{"start":{"line":9,"column":2},"end":{"line":14,"column":25}},"2":{"start":{"line":13,"column":23},"end":{"line":14,"column":25}},"3":{"start":{"line":14,"column":40},"end":{"line":14,"column":null}}},"fnMap":{"0":{"name":"(anonymous_0)","decl":{"start":{"line":8,"column":43},"end":{"line":8,"column":44}},"loc":{"start":{"line":8,"column":70},"end":{"line":21,"column":null}},"line":8},"1":{"name":"(anonymous_1)","decl":{"start":{"line":13,"column":22},"end":{"line":13,"column":23}},"loc":{"start":{"line":13,"column":23},"end":{"line":14,"column":25}},"line":13},"2":{"name":"(anonymous_2)","decl":{"start":{"line":14,"column":34},"end":{"line":14,"column":40}},"loc":{"start":{"line":14,"column":40},"end":{"line":14,"column":null}},"line":14}},"branchMap":{},"s":{"0":1,"1":1,"2":0,"3":0},"f":{"0":1,"1":0,"2":0},"b":{},"meta":{"lastBranch":0,"lastFunction":3,"lastStatement":4,"seen":{"s:8:43:21:Infinity":0,"f:8:43:8:44":0,"s:9:2:14:25":1,"f:13:22:13:23":1,"s:13:23:14:25":2,"f:14:34:14:40":2,"s:14:40:14:Infinity":3},"fnNames":{}}}
,"/home/nanomixer/dev/react/02-gifs-app/src/gifs/hooks/useGifs.tsx": {"path":"/home/nanomixer/dev/react/02-gifs-app/src/gifs/hooks/useGifs.tsx","statementMap":{"0":{"start":{"line":7,"column":23},"end":{"line":43,"column":null}},"1":{"start":{"line":8,"column":41},"end":{"line":8,"column":null}},"2":{"start":{"line":9,"column":23},"end":{"line":9,"column":null}},"3":{"start":{"line":10,"column":8},"end":{"line":10,"column":null}},"4":{"start":{"line":12,"column":28},"end":{"line":21,"column":null}},"5":{"start":{"line":13,"column":4},"end":{"line":16,"column":null}},"6":{"start":{"line":14,"column":6},"end":{"line":14,"column":null}},"7":{"start":{"line":15,"column":6},"end":{"line":15,"column":null}},"8":{"start":{"line":18,"column":17},"end":{"line":18,"column":null}},"9":{"start":{"line":19,"column":4},"end":{"line":19,"column":null}},"10":{"start":{"line":20,"column":4},"end":{"line":20,"column":null}},"11":{"start":{"line":23,"column":23},"end":{"line":35,"column":null}},"12":{"start":{"line":24,"column":4},"end":{"line":24,"column":null}},"13":{"start":{"line":26,"column":4},"end":{"line":26,"column":null}},"14":{"start":{"line":26,"column":28},"end":{"line":26,"column":null}},"15":{"start":{"line":28,"column":4},"end":{"line":28,"column":null}},"16":{"start":{"line":28,"column":39},"end":{"line":28,"column":null}},"17":{"start":{"line":30,"column":4},"end":{"line":30,"column":null}},"18":{"start":{"line":30,"column":31},"end":{"line":30,"column":null}},"19":{"start":{"line":32,"column":17},"end":{"line":32,"column":null}},"20":{"start":{"line":33,"column":4},"end":{"line":33,"column":null}},"21":{"start":{"line":34,"column":4},"end":{"line":34,"column":null}},"22":{"start":{"line":37,"column":2},"end":{"line":42,"column":null}}},"fnMap":{"0":{"name":"(anonymous_0)","decl":{"start":{"line":7,"column":23},"end":{"line":7,"column":null}},"loc":{"start":{"line":7,"column":23},"end":{"line":43,"column":null}},"line":7},"1":{"name":"(anonymous_1)","decl":{"start":{"line":12,"column":28},"end":{"line":12,"column":35}},"loc":{"start":{"line":12,"column":35},"end":{"line":21,"column":null}},"line":12},"2":{"name":"(anonymous_2)","decl":{"start":{"line":23,"column":23},"end":{"line":23,"column":30}},"loc":{"start":{"line":23,"column":48},"end":{"line":35,"column":null}},"line":23},"3":{"name":"(anonymous_3)","decl":{"start":{"line":30,"column":21},"end":{"line":30,"column":22}},"loc":{"start":{"line":30,"column":31},"end":{"line":30,"column":null}},"line":30}},"branchMap":{"0":{"loc":{"start":{"line":13,"column":4},"end":{"line":16,"column":null}},"type":"if","locations":[{"start":{"line":13,"column":4},"end":{"line":16,"column":null}},{"start":{},"end":{}}],"line":13},"1":{"loc":{"start":{"line":23,"column":30},"end":{"line":23,"column":48}},"type":"default-arg","locations":[{"start":{"line":23,"column":46},"end":{"line":23,"column":48}}],"line":23},"2":{"loc":{"start":{"line":26,"column":4},"end":{"line":26,"column":null}},"type":"if","locations":[{"start":{"line":26,"column":4},"end":{"line":26,"column":null}},{"start":{},"end":{}}],"line":26},"3":{"loc":{"start":{"line":28,"column":4},"end":{"line":28,"column":null}},"type":"if","locations":[{"start":{"line":28,"column":4},"end":{"line":28,"column":null}},{"start":{},"end":{}}],"line":28}},"s":{"0":2,"1":11,"2":11,"3":11,"4":11,"5":3,"6":1,"7":1,"8":2,"9":2,"10":2,"11":11,"12":11,"13":11,"14":0,"15":11,"16":0,"17":11,"18":11,"19":11,"20":11,"21":11,"22":11},"f":{"0":11,"1":3,"2":11,"3":11},"b":{"0":[1,2],"1":[11],"2":[0,11],"3":[0,11]},"meta":{"lastBranch":4,"lastFunction":4,"lastStatement":23,"seen":{"s:7:23:43:Infinity":0,"f:7:23:7:Infinity":0,"s:8:41:8:Infinity":1,"s:9:23:9:Infinity":2,"s:10:8:10:Infinity":3,"s:12:28:21:Infinity":4,"f:12:28:12:35":1,"b:13:4:16:Infinity:undefined:undefined:undefined:undefined":0,"s:13:4:16:Infinity":5,"s:14:6:14:Infinity":6,"s:15:6:15:Infinity":7,"s:18:17:18:Infinity":8,"s:19:4:19:Infinity":9,"s:20:4:20:Infinity":10,"s:23:23:35:Infinity":11,"f:23:23:23:30":2,"b:23:46:23:48":1,"s:24:4:24:Infinity":12,"b:26:4:26:Infinity:undefined:undefined:undefined:undefined":2,"s:26:4:26:Infinity":13,"s:26:28:26:Infinity":14,"b:28:4:28:Infinity:undefined:undefined:undefined:undefined":3,"s:28:4:28:Infinity":15,"s:28:39:28:Infinity":16,"s:30:4:30:Infinity":17,"f:30:21:30:22":3,"s:30:31:30:Infinity":18,"s:32:17:32:Infinity":19,"s:33:4:33:Infinity":20,"s:34:4:34:Infinity":21,"s:37:2:42:Infinity":22},"fnNames":{}}}
,"/home/nanomixer/dev/react/02-gifs-app/src/shared/components/CustomHeader.tsx": {"path":"/home/nanomixer/dev/react/02-gifs-app/src/shared/components/CustomHeader.tsx","statementMap":{"0":{"start":{"line":6,"column":28},"end":{"line":13,"column":null}},"1":{"start":{"line":7,"column":2},"end":{"line":10,"column":null}}},"fnMap":{"0":{"name":"(anonymous_0)","decl":{"start":{"line":6,"column":28},"end":{"line":6,"column":29}},"loc":{"start":{"line":6,"column":58},"end":{"line":13,"column":null}},"line":6}},"branchMap":{"0":{"loc":{"start":{"line":10,"column":7},"end":{"line":10,"column":null}},"type":"binary-expr","locations":[{"start":{"line":10,"column":7},"end":{"line":10,"column":22}},{"start":{"line":10,"column":7},"end":{"line":10,"column":null}}],"line":10}},"s":{"0":2,"1":4},"f":{"0":4},"b":{"0":[4,3]},"meta":{"lastBranch":1,"lastFunction":1,"lastStatement":2,"seen":{"s:6:28:13:Infinity":0,"f:6:28:6:29":0,"s:7:2:10:Infinity":1,"b:10:7:10:22:10:7:10:Infinity":0},"fnNames":{}}}
,"/home/nanomixer/dev/react/02-gifs-app/src/shared/components/SearchBar.tsx": {"path":"/home/nanomixer/dev/react/02-gifs-app/src/shared/components/SearchBar.tsx","statementMap":{"0":{"start":{"line":8,"column":25},"end":{"line":48,"column":null}},"1":{"start":{"line":12,"column":25},"end":{"line":12,"column":null}},"2":{"start":{"line":14,"column":2},"end":{"line":22,"column":null}},"3":{"start":{"line":15,"column":22},"end":{"line":17,"column":null}},"4":{"start":{"line":16,"column":6},"end":{"line":16,"column":null}},"5":{"start":{"line":19,"column":4},"end":{"line":21,"column":null}},"6":{"start":{"line":20,"column":6},"end":{"line":20,"column":null}},"7":{"start":{"line":24,"column":23},"end":{"line":27,"column":null}},"8":{"start":{"line":25,"column":4},"end":{"line":25,"column":null}},"9":{"start":{"line":26,"column":4},"end":{"line":26,"column":null}},"10":{"start":{"line":28,"column":24},"end":{"line":32,"column":null}},"11":{"start":{"line":29,"column":4},"end":{"line":31,"column":null}},"12":{"start":{"line":30,"column":6},"end":{"line":30,"column":null}},"13":{"start":{"line":34,"column":2},"end":{"line":43,"column":null}},"14":{"start":{"line":40,"column":29},"end":{"line":40,"column":null}}},"fnMap":{"0":{"name":"(anonymous_0)","decl":{"start":{"line":8,"column":25},"end":{"line":8,"column":26}},"loc":{"start":{"line":11,"column":8},"end":{"line":48,"column":null}},"line":11},"1":{"name":"(anonymous_1)","decl":{"start":{"line":14,"column":12},"end":{"line":14,"column":null}},"loc":{"start":{"line":14,"column":12},"end":{"line":22,"column":5}},"line":14},"2":{"name":"(anonymous_2)","decl":{"start":{"line":15,"column":33},"end":{"line":15,"column":null}},"loc":{"start":{"line":15,"column":33},"end":{"line":17,"column":7}},"line":15},"3":{"name":"(anonymous_3)","decl":{"start":{"line":19,"column":11},"end":{"line":19,"column":null}},"loc":{"start":{"line":19,"column":11},"end":{"line":21,"column":null}},"line":19},"4":{"name":"(anonymous_4)","decl":{"start":{"line":24,"column":23},"end":{"line":24,"column":null}},"loc":{"start":{"line":24,"column":23},"end":{"line":27,"column":null}},"line":24},"5":{"name":"(anonymous_5)","decl":{"start":{"line":28,"column":24},"end":{"line":28,"column":25}},"loc":{"start":{"line":28,"column":25},"end":{"line":32,"column":null}},"line":28},"6":{"name":"(anonymous_6)","decl":{"start":{"line":40,"column":18},"end":{"line":40,"column":19}},"loc":{"start":{"line":40,"column":29},"end":{"line":40,"column":null}},"line":40}},"branchMap":{"0":{"loc":{"start":{"line":9,"column":2},"end":{"line":9,"column":33}},"type":"default-arg","locations":[{"start":{"line":9,"column":16},"end":{"line":9,"column":33}}],"line":9},"1":{"loc":{"start":{"line":29,"column":4},"end":{"line":31,"column":null}},"type":"if","locations":[{"start":{"line":29,"column":4},"end":{"line":31,"column":null}},{"start":{},"end":{}}],"line":29}},"s":{"0":2,"1":13,"2":13,"3":13,"4":2,"5":13,"6":13,"7":13,"8":1,"9":1,"10":13,"11":0,"12":0,"13":13,"14":6},"f":{"0":13,"1":13,"2":2,"3":13,"4":1,"5":0,"6":6},"b":{"0":[13],"1":[0,0]},"meta":{"lastBranch":2,"lastFunction":7,"lastStatement":15,"seen":{"s:8:25:48:Infinity":0,"f:8:25:8:26":0,"b:9:16:9:33":0,"s:12:25:12:Infinity":1,"s:14:2:22:Infinity":2,"f:14:12:14:Infinity":1,"s:15:22:17:Infinity":3,"f:15:33:15:Infinity":2,"s:16:6:16:Infinity":4,"s:19:4:21:Infinity":5,"f:19:11:19:Infinity":3,"s:20:6:20:Infinity":6,"s:24:23:27:Infinity":7,"f:24:23:24:Infinity":4,"s:25:4:25:Infinity":8,"s:26:4:26:Infinity":9,"s:28:24:32:Infinity":10,"f:28:24:28:25":5,"b:29:4:31:Infinity:undefined:undefined:undefined:undefined":1,"s:29:4:31:Infinity":11,"s:30:6:30:Infinity":12,"s:34:2:43:Infinity":13,"f:40:18:40:19":6,"s:40:29:40:Infinity":14},"fnNames":{}}}
,"/home/nanomixer/dev/react/02-gifs-app/tests/mock/giphy.response.data.ts": {"path":"/home/nanomixer/dev/react/02-gifs-app/tests/mock/giphy.response.data.ts","statementMap":{"0":{"start":{"line":1,"column":39},"end":{"line":5082,"column":null}}},"fnMap":{},"branchMap":{},"s":{"0":1},"f":{},"b":{},"meta":{"lastBranch":0,"lastFunction":0,"lastStatement":1,"seen":{"s:1:39:5082:Infinity":0},"fnNames":{}}}
}
